#-----------------------------------------------------------
# Vivado v2019.1 (64-bit)
# SW Build 2552052 on Fri May 24 14:49:42 MDT 2019
# IP Build 2548770 on Fri May 24 18:01:18 MDT 2019
# Start of session at: Wed Aug 16 19:52:36 2023
# Process ID: 17400
# Current directory: F:/TUTORIAL/FPGA/z-turn/Z-TURN PRJs/BLINK_Z00
# Command line: vivado.exe -gui_launcher_event rodinguilauncherevent15020 F:\TUTORIAL\FPGA\z-turn\Z-TURN PRJs\BLINK_Z00\BLINK_Z00.xpr
# Log file: F:/TUTORIAL/FPGA/z-turn/Z-TURN PRJs/BLINK_Z00/vivado.log
# Journal file: F:/TUTORIAL/FPGA/z-turn/Z-TURN PRJs/BLINK_Z00\vivado.jou
#-----------------------------------------------------------
start_gui
open_project {F:/TUTORIAL/FPGA/z-turn/Z-TURN PRJs/BLINK_Z00/BLINK_Z00.xpr}
INFO: [Project 1-313] Project file moved from 'F:/TUTORIAL/FPGA/fpga-saghafi/Digital_design/08/BLINK_Z00' since last save.
Scanning sources...
Finished scanning sources
INFO: [IP_Flow 19-234] Refreshing IP repositories
INFO: [IP_Flow 19-1704] No user IP repositories specified
INFO: [IP_Flow 19-2313] Loaded Vivado IP repository 'C:/Xilinx/Vivado/2019.1/data/ip'.
open_project: Time (s): cpu = 00:00:14 ; elapsed = 00:00:11 . Memory (MB): peak = 783.008 ; gain = 171.547
update_compile_order -fileset sources_1
exit
INFO: [Common 17-206] Exiting Vivado at Wed Aug 16 19:55:51 2023...
